This is pdfTeX, Version 3.14159265-2.6-1.40.19 (MiKTeX 2.9.6630 64-bit) (preloaded format=pdflatex 2018.11.18)  29 JAN 2019 18:14
entering extended mode
**"./CBN summary.tex"
("CBN summary.tex"
LaTeX2e <2017-04-15>
Babel <3.18> and hyphenation patterns for 75 language(s) loaded.
("C:\Users\made_\AppData\Local\Programs\MiKTeX 2.9\tex\latex\base\article.cls"
Document Class: article 2014/09/29 v1.4h Standard LaTeX document class
("C:\Users\made_\AppData\Local\Programs\MiKTeX 2.9\tex\latex\base\size10.clo"
File: size10.clo 2014/09/29 v1.4h Standard LaTeX file (size option)
)
\c@part=\count79
\c@section=\count80
\c@subsection=\count81
\c@subsubsection=\count82
\c@paragraph=\count83
\c@subparagraph=\count84
\c@figure=\count85
\c@table=\count86
\abovecaptionskip=\skip41
\belowcaptionskip=\skip42
\bibindent=\dimen102
)
("C:\Users\made_\AppData\Local\Programs\MiKTeX 2.9\tex\latex\enumitem\enumitem.
sty"
Package: enumitem 2011/09/28 v3.5.2 Customized lists
\enitkv@toks@=\toks14
\labelindent=\skip43
\enit@outerparindent=\dimen103
\enit@toks=\toks15
\enit@inbox=\box26
\enitdp@description=\count87
)
("C:\Users\made_\AppData\Local\Programs\MiKTeX 2.9\tex\latex\a4wide\a4wide.sty"
Package: a4wide 1994/08/30
("C:\Users\made_\AppData\Local\Programs\MiKTeX 2.9\tex\latex\ntgclass\a4.sty"
Package: a4 2004/04/15 v1.2g A4 based page layout
))

LaTeX Warning: Unused global option(s):
    [twosided,pt11].

("CBN summary.aux")
\openout1 = `"CBN summary.aux"'.

LaTeX Font Info:    Checking defaults for OML/cmm/m/it on input line 6.
LaTeX Font Info:    ... okay on input line 6.
LaTeX Font Info:    Checking defaults for T1/cmr/m/n on input line 6.
LaTeX Font Info:    ... okay on input line 6.
LaTeX Font Info:    Checking defaults for OT1/cmr/m/n on input line 6.
LaTeX Font Info:    ... okay on input line 6.
LaTeX Font Info:    Checking defaults for OMS/cmsy/m/n on input line 6.
LaTeX Font Info:    ... okay on input line 6.
LaTeX Font Info:    Checking defaults for OMX/cmex/m/n on input line 6.
LaTeX Font Info:    ... okay on input line 6.
LaTeX Font Info:    Checking defaults for U/cmr/m/n on input line 6.
LaTeX Font Info:    ... okay on input line 6.
LaTeX Font Info:    External font `cmex10' loaded for size
(Font)              <12> on input line 10.
LaTeX Font Info:    External font `cmex10' loaded for size
(Font)              <8> on input line 10.
LaTeX Font Info:    External font `cmex10' loaded for size
(Font)              <6> on input line 10.


LaTeX Warning: No \author given.

("CBN summary.toc"
LaTeX Font Info:    External font `cmex10' loaded for size
(Font)              <7> on input line 2.
LaTeX Font Info:    External font `cmex10' loaded for size
(Font)              <5> on input line 2.
)
\tf@toc=\write3
\openout3 = `"CBN summary.toc"'.

 [1

{C:/Users/made_/AppData/Local/MiKTeX/2.9/pdftex/config/pdftex.map}] [2]
Underfull \hbox (badness 10000) in paragraph at lines 27--30

 []

[3]
Underfull \hbox (badness 10000) in paragraph at lines 47--50

 []


Underfull \hbox (badness 10000) in paragraph at lines 55--57

 []


Underfull \hbox (badness 10000) in paragraph at lines 58--59

 []


Underfull \hbox (badness 10000) in paragraph at lines 61--62

 []


Underfull \hbox (badness 10000) in paragraph at lines 66--67

 []

[4]
Underfull \hbox (badness 10000) in paragraph at lines 68--69

 []


Underfull \hbox (badness 10000) in paragraph at lines 72--74

 []

LaTeX Font Info:    Try loading font information for OMS+cmr on input line 80.
("C:\Users\made_\AppData\Local\Programs\MiKTeX 2.9\tex\latex\base\omscmr.fd"
File: omscmr.fd 2014/09/29 v2.5h Standard LaTeX font definitions
)
LaTeX Font Info:    Font shape `OMS/cmr/m/n' in size <10> not available
(Font)              Font shape `OMS/cmsy/m/n' tried instead on input line 80.

Underfull \hbox (badness 10000) in paragraph at lines 92--95

 []

[5]
Underfull \hbox (badness 10000) in paragraph at lines 96--97

 []

[6]
Underfull \hbox (badness 10000) in paragraph at lines 133--134

 []

[7]
Underfull \hbox (badness 10000) in paragraph at lines 139--140

 []


Underfull \hbox (badness 10000) in paragraph at lines 144--150

 []

[8] [9]
Underfull \hbox (badness 10000) in paragraph at lines 187--188

 []

[10] [11]
Underfull \hbox (badness 10000) in paragraph at lines 219--220

 []


Underfull \hbox (badness 10000) in paragraph at lines 221--224

 []


Underfull \hbox (badness 10000) in paragraph at lines 225--227

 []


Underfull \hbox (badness 10000) in paragraph at lines 229--230

 []


Underfull \hbox (badness 10000) in paragraph at lines 231--233

 []

[12]
Missing character: There is no ‚ in font cmr10!
Missing character: There is no Ä in font cmr10!
Missing character: There is no ú in font cmr10!
Missing character: There is no ‚ in font cmr10!
Missing character: There is no Ä in font cmr10!
Missing character: There is no ù in font cmr10!

Overfull \hbox (29.1368pt too wide) in paragraph at lines 235--240
\OT1/cmr/m/n/10 Predictive va-lid-ity: An an-i-mal in-flicted with a dis-ease c
an be treated with a drug or ge-netic/environmental
 []


Overfull \hbox (14.76656pt too wide) in paragraph at lines 235--240
\OT1/cmr/m/n/10 ma-nip-u-la-tion such that it re-verts to the orig-i-nal (healt
hy) phe-no-type. The ap-plied drug/manipulations
 []


Underfull \hbox (badness 10000) in paragraph at lines 235--240

 []


Underfull \hbox (badness 10000) in paragraph at lines 242--245

 []


Overfull \hbox (0.49889pt too wide) in paragraph at lines 246--251
[]\OT1/cmr/bx/n/10 Question 3: \OT1/cmr/m/n/10 De-scribe and com-pare clas-si-c
al/Pavlovian con-di-tion-ing and op-er-ant/instrumental
 []


Underfull \hbox (badness 10000) in paragraph at lines 246--251

 []

[13]
Underfull \hbox (badness 10000) in paragraph at lines 253--257

 []


Underfull \hbox (badness 10000) in paragraph at lines 258--260

 []


Underfull \hbox (badness 10000) in paragraph at lines 261--263

 []


Underfull \hbox (badness 10000) in paragraph at lines 265--267

 []

[14]
Overfull \hbox (0.49889pt too wide) in paragraph at lines 268--270
[]\OT1/cmr/bx/n/10 Question 2: \OT1/cmr/m/n/10 De-scribe and com-pare clas-si-c
al/Pavlovian con-di-tion-ing and op-er-ant/instrumental
 []


Underfull \hbox (badness 10000) in paragraph at lines 268--270

 []

[15] ("CBN summary.aux") ) 
Here is how much of TeX's memory you used:
 560 strings out of 493305
 8838 string characters out of 3129801
 69615 words of memory out of 3000000
 4167 multiletter control sequences out of 15000+200000
 7895 words of font info for 28 fonts, out of 3000000 for 9000
 1141 hyphenation exceptions out of 8191
 23i,8n,21p,1288b,196s stack positions out of 5000i,500n,10000p,200000b,50000s
<C:/Users/made_/AppData/Local/Programs/MiKTeX 2.9/fon
ts/type1/public/amsfonts/cm/cmbx10.pfb><C:/Users/made_/AppData/Local/Programs/M
iKTeX 2.9/fonts/type1/public/amsfonts/cm/cmbx12.pfb><C:/Users/made_/AppData/Loc
al/Programs/MiKTeX 2.9/fonts/type1/public/amsfonts/cm/cmmi10.pfb><C:/Users/made
_/AppData/Local/Programs/MiKTeX 2.9/fonts/type1/public/amsfonts/cm/cmmi7.pfb><C
:/Users/made_/AppData/Local/Programs/MiKTeX 2.9/fonts/type1/public/amsfonts/cm/
cmmi8.pfb><C:/Users/made_/AppData/Local/Programs/MiKTeX 2.9/fonts/type1/public/
amsfonts/cm/cmr10.pfb><C:/Users/made_/AppData/Local/Programs/MiKTeX 2.9/fonts/t
ype1/public/amsfonts/cm/cmr12.pfb><C:/Users/made_/AppData/Local/Programs/MiKTeX
 2.9/fonts/type1/public/amsfonts/cm/cmr17.pfb><C:/Users/made_/AppData/Local/Pro
grams/MiKTeX 2.9/fonts/type1/public/amsfonts/cm/cmr6.pfb><C:/Users/made_/AppDat
a/Local/Programs/MiKTeX 2.9/fonts/type1/public/amsfonts/cm/cmr7.pfb><C:/Users/m
ade_/AppData/Local/Programs/MiKTeX 2.9/fonts/type1/public/amsfonts/cm/cmr8.pfb>
<C:/Users/made_/AppData/Local/Programs/MiKTeX 2.9/fonts/type1/public/amsfonts/c
m/cmsy10.pfb>
Output written on "CBN summary.pdf" (15 pages, 206298 bytes).
PDF statistics:
 99 PDF objects out of 1000 (max. 8388607)
 0 named destinations out of 1000 (max. 500000)
 1 words of extra memory for PDF output out of 10000 (max. 10000000)

